<?xml version="1.0" encoding="UTF-8"?>
<testsuite xmlns:xsi="http://www.w3.org/2001/XMLSchema-instance" xsi:noNamespaceSchemaLocation="https://maven.apache.org/surefire/maven-surefire-plugin/xsd/surefire-test-report.xsd" version="3.0.2" name="com.luv2code.junitdemo.DemoUtilsTest" time="2.185" tests="10" errors="0" skipped="0" failures="0">
  <properties>
[...]
</properties>
  <testcase name="Null and not null" classname="com.luv2code.junitdemo.DemoUtilsTest" time="0.057">
    <system-out><![CDATA[@BeforeEach executes before the execution of each test method.
]]></system-out>
  </testcase>
  <testcase name="Equals and not equals" classname="com.luv2code.junitdemo.DemoUtilsTest" time="0.007">
    <system-out><![CDATA[@BeforeEach executes before the execution of each test method.
]]></system-out>
  </testcase>
  <testcase name="True and false" classname="com.luv2code.junitdemo.DemoUtilsTest" time="0.006">
    <system-out><![CDATA[@BeforeEach executes before the execution of each test method.
]]></system-out>
  </testcase>
  <testcase name="Array Equals" classname="com.luv2code.junitdemo.DemoUtilsTest" time="0.005">
    <system-out><![CDATA[@BeforeEach executes before the execution of each test method.
]]></system-out>
  </testcase>
  <testcase name="Timeout" classname="com.luv2code.junitdemo.DemoUtilsTest" time="2.016">
    <system-out><![CDATA[@BeforeEach executes before the execution of each test method.
I am going to sleep
Sleeping over
]]></system-out>
  </testcase>
  <testcase name="Same and not same" classname="com.luv2code.junitdemo.DemoUtilsTest" time="0.005">
    <system-out><![CDATA[@BeforeEach executes before the execution of each test method.
]]></system-out>
  </testcase>
  <testcase name="Lines match" classname="com.luv2code.junitdemo.DemoUtilsTest" time="0.007">
    <system-out><![CDATA[@BeforeEach executes before the execution of each test method.
]]></system-out>
  </testcase>
  <testcase name="Iterable equals" classname="com.luv2code.junitdemo.DemoUtilsTest" time="0.006">
    <system-out><![CDATA[@BeforeEach executes before the execution of each test method.
]]></system-out>
  </testcase>
  <testcase name="Multiply" classname="com.luv2code.junitdemo.DemoUtilsTest" time="0.002">
    <system-out><![CDATA[@BeforeEach executes before the execution of each test method.
]]></system-out>
  </testcase>
  <testcase name="Throws and does not throw exception" classname="com.luv2code.junitdemo.DemoUtilsTest" time="0.004">
    <system-out><![CDATA[@BeforeEach executes before the execution of each test method.
]]></system-out>
  </testcase>
</testsuite>